p_a: 48100
p_a: 37822
p_a: 25854
p_a: 15865
s_v_c: 8213
s_v_c: 7431
s_v_c: 15854
s_v_c: 37967
p_a: 3781
p_a: 25150
p_a: 11214
p_a: 3814
s_v_c: 44426
s_v_c: 16957
s_v_c: 26234
s_v_c: 20654
p_a: 46261
p_a: 31193
p_a: 23298
p_a: 48877
s_v_c: 7213
s_v_c: 4355
s_v_c: 17932
s_v_c: 58501
p_a: 35568
p_a: 55769
p_a: 12577
p_a: 28815
s_v_c: 33181
s_v_c: 49940
s_v_c: 19195
s_v_c: 53612
p_a: 13855
p_a: 36353
p_a: 22409
p_a: 42338
s_v_c: 33704
s_v_c: 42143
s_v_c: 23150
s_v_c: 14406
p_a: 1447
p_a: 25358
p_a: 4491
p_a: 24586
s_v_c: 7641
s_v_c: 17827
s_v_c: 60246
s_v_c: 25990
p_a: 30733
p_a: 4876
p_a: 31561
p_a: 56889
s_v_c: 59963
s_v_c: 36938
s_v_c: 48297
s_v_c: 52768
p_a: 62542
p_a: 19246
p_a: 52925
p_a: 15152
s_v_c: 11775
s_v_c: 49926
s_v_c: 15019
s_v_c: 50583
p_a: 26869
p_a: 53522
p_a: 44160
p_a: 65235
s_v_c: 25634
s_v_c: 36273
s_v_c: 12048
s_v_c: 22566
p_a: 55138
p_a: 35704
p_a: 10866
p_a: 24428
s_v_c: 49372
s_v_c: 19367
s_v_c: 33358
s_v_c: 7084
p_a: 35071
p_a: 47287
p_a: 54019
p_a: 24123
s_v_c: 32299
s_v_c: 51381
s_v_c: 39069
s_v_c: 55591
p_a: 36993
p_a: 62762
p_a: 28120
p_a: 5651
s_v_c: 58614
s_v_c: 44337
s_v_c: 25876
s_v_c: 34881
p_a: 63017
p_a: 44397
p_a: 7553
p_a: 3908
s_v_c: 30644
s_v_c: 64899
s_v_c: 29527
s_v_c: 4882
p_a: 21105
p_a: 760
p_a: 23671
p_a: 18860
s_v_c: 1395
s_v_c: 25088
s_v_c: 51258
s_v_c: 16191
p_a: 47481
p_a: 35567
p_a: 26602
p_a: 61236
s_v_c: 53066
s_v_c: 9447
s_v_c: 18944
s_v_c: 32469
p_a: 65246
p_a: 30807
p_a: 42241
p_a: 40983
s_v_c: 22170
s_v_c: 51929
s_v_c: 17714
s_v_c: 21806
p_a: 42844
p_a: 19041
p_a: 54025
p_a: 44867
s_v_c: 24827
s_v_c: 46025
s_v_c: 61412
s_v_c: 35665
p_a: 17385
p_a: 35472
p_a: 40942
p_a: 23830
s_v_c: 19587
s_v_c: 39862
s_v_c: 5035
s_v_c: 16855
p_a: 47273
p_a: 31158
p_a: 43148
p_a: 3641
s_v_c: 62839
s_v_c: 10483
s_v_c: 52143
s_v_c: 38239
p_a: 39920
p_a: 40447
p_a: 10829
p_a: 33827
s_v_c: 57824
s_v_c: 40762
s_v_c: 35280
s_v_c: 59626
p_a: 22125
p_a: 13125
p_a: 24213
p_a: 20503
s_v_c: 21930
s_v_c: 60157
s_v_c: 31745
s_v_c: 33834
p_a: 20115
p_a: 55839
p_a: 26940
p_a: 29039
s_v_c: 63537
s_v_c: 15224
s_v_c: 7120
s_v_c: 58846
p_a: 20326
p_a: 47127
p_a: 63770
p_a: 28127
s_v_c: 8154
s_v_c: 41655
s_v_c: 49113
s_v_c: 56466
p_a: 20023
p_a: 33359
p_a: 45410
p_a: 16389
s_v_c: 6763
s_v_c: 17931
s_v_c: 31498
s_v_c: 60028
p_a: 12767
p_a: 6897
p_a: 57080
p_a: 16605
s_v_c: 27403
s_v_c: 61946
s_v_c: 40303
s_v_c: 15284
p_a: 49830
p_a: 3140
p_a: 3038
p_a: 25615
s_v_c: 14759
s_v_c: 9628
s_v_c: 11133
s_v_c: 9867
p_a: 48114
p_a: 38831
p_a: 23173
p_a: 11800
s_v_c: 23613
s_v_c: 31571
s_v_c: 27279
s_v_c: 3815
p_a: 11674
p_a: 22630
p_a: 8831
p_a: 36641
s_v_c: 51312
s_v_c: 21442
s_v_c: 7978
s_v_c: 62709
p_a: 8998
p_a: 14340
p_a: 20285
p_a: 51409
s_v_c: 30280
s_v_c: 36219
s_v_c: 22603
s_v_c: 32843
p_a: 20977
p_a: 41015
p_a: 29889
p_a: 54267
s_v_c: 39494
s_v_c: 19465
s_v_c: 51679
s_v_c: 54639
