8213
7431
15854
37967
44426
16957
26234
20654
7213
4355
17932
58501
33181
49940
19195
53612
33704
42143
23150
14406
7641
17827
60246
25990
59963
36938
48297
52768
11775
49926
15019
50583
25634
36273
12048
22566
49372
19367
33358
7084
32299
51381
39069
55591
58614
44337
25876
34881
30644
64899
29527
4882
1395
25088
51258
16191
53066
9447
18944
32469
22170
51929
17714
21806
24827
46025
61412
35665
19587
39862
5035
16855
62839
10483
52143
38239
57824
40762
35280
59626
21930
60157
31745
33834
63537
15224
7120
58846
8154
41655
49113
56466
6763
17931
31498
60028
27403
61946
40303
15284
14759
9628
11133
9867
23613
31571
27279
3815
51312
21442
7978
62709
30280
36219
22603
32843
39494
19465
51679
54639
