INCREMENTO 5
INCREMENTO 5
INCREMENTO 5
INCREMENTO 5
INCREMENTO 5
INCREMENTO 5
INCREMENTO 5
INCREMENTO 5
INCREMENTO 5
INCREMENTO 5
FRENO 5
FRENO 5
INCREMENTO 5
INCREMENTO 5
FRENO 5
FRENO 5
INCREMENTO 5
INCREMENTO 5
INCREMENTO 5
INCREMENTO 5
DESTRA
FRENO 5
FRENO 5
DESTRA
INCREMENTO 5
FRENO 5
SINISTRA
INCREMENTO 5
INCREMENTO 5
INCREMENTO 5
INCREMENTO 5
SINISTRA
PERICOLO
INCREMENTO 5
INCREMENTO 5
INCREMENTO 5
INCREMENTO 5
INCREMENTO 5
INCREMENTO 5
INCREMENTO 5
INCREMENTO 5
INCREMENTO 5
INCREMENTO 5
INCREMENTO 5
INCREMENTO 5
INCREMENTO 5
INCREMENTO 5
FRENO 5
FRENO 5
FRENO 5
FRENO 5
SINISTRA
INCREMENTO 5
INCREMENTO 5
INCREMENTO 5
INCREMENTO 5
INCREMENTO 5
INCREMENTO 5
INCREMENTO 5
INCREMENTO 5
DESTRA
SINISTRA
FRENO 5
FRENO 5
FRENO 5
FRENO 5
FRENO 5
FRENO 5
FRENO 5
FRENO 5
SINISTRA
SINISTRA
DESTRA
FRENO 5
FRENO 5
FRENO 5
FRENO 5
FRENO 5
FRENO 5
FRENO 5
FRENO 5
FRENO 5
FRENO 5
ARRESTO
